[debug] [2025-09-02T15:20:38.177Z] ----------------------------------------------------------------------
[debug] [2025-09-02T15:20:38.179Z] Command:       /Users/radoone/.nvm/versions/node/v22.15.1/bin/node /Users/radoone/.nvm/versions/node/v22.15.1/bin/firebase deploy --only functions:dailyRapexDeltaLoader --project rapex-99a2c
[debug] [2025-09-02T15:20:38.179Z] CLI Version:   14.9.0
[debug] [2025-09-02T15:20:38.179Z] Platform:      darwin
[debug] [2025-09-02T15:20:38.179Z] Node Version:  v22.15.1
[debug] [2025-09-02T15:20:38.179Z] Time:          Tue Sep 02 2025 17:20:38 GMT+0200 (stredoeurópsky letný čas)
[debug] [2025-09-02T15:20:38.179Z] ----------------------------------------------------------------------
[debug] 
[debug] [2025-09-02T15:20:38.260Z] > command requires scopes: ["email","openid","https://www.googleapis.com/auth/cloudplatformprojects.readonly","https://www.googleapis.com/auth/firebase","https://www.googleapis.com/auth/cloud-platform"]
[debug] [2025-09-02T15:20:38.260Z] > authorizing via signed-in user (radoone@gmail.com)
[debug] [2025-09-02T15:20:38.260Z] [iam] checking project rapex-99a2c for permissions ["cloudfunctions.functions.create","cloudfunctions.functions.delete","cloudfunctions.functions.get","cloudfunctions.functions.list","cloudfunctions.functions.update","cloudfunctions.operations.get","firebase.projects.get"]
[debug] [2025-09-02T15:20:38.261Z] Checked if tokens are valid: true, expires at: 1756829101307
[debug] [2025-09-02T15:20:38.261Z] Checked if tokens are valid: true, expires at: 1756829101307
[debug] [2025-09-02T15:20:38.261Z] >>> [apiv2][query] POST https://cloudresourcemanager.googleapis.com/v1/projects/rapex-99a2c:testIamPermissions [none]
[debug] [2025-09-02T15:20:38.261Z] >>> [apiv2][(partial)header] POST https://cloudresourcemanager.googleapis.com/v1/projects/rapex-99a2c:testIamPermissions x-goog-quota-user=projects/rapex-99a2c
[debug] [2025-09-02T15:20:38.261Z] >>> [apiv2][body] POST https://cloudresourcemanager.googleapis.com/v1/projects/rapex-99a2c:testIamPermissions {"permissions":["cloudfunctions.functions.create","cloudfunctions.functions.delete","cloudfunctions.functions.get","cloudfunctions.functions.list","cloudfunctions.functions.update","cloudfunctions.operations.get","firebase.projects.get"]}
[debug] [2025-09-02T15:20:39.040Z] <<< [apiv2][status] POST https://cloudresourcemanager.googleapis.com/v1/projects/rapex-99a2c:testIamPermissions 200
[debug] [2025-09-02T15:20:39.040Z] <<< [apiv2][body] POST https://cloudresourcemanager.googleapis.com/v1/projects/rapex-99a2c:testIamPermissions {"permissions":["cloudfunctions.functions.create","cloudfunctions.functions.delete","cloudfunctions.functions.get","cloudfunctions.functions.list","cloudfunctions.functions.update","cloudfunctions.operations.get","firebase.projects.get"]}
[debug] [2025-09-02T15:20:39.040Z] Checked if tokens are valid: true, expires at: 1756829101307
[debug] [2025-09-02T15:20:39.040Z] Checked if tokens are valid: true, expires at: 1756829101307
[debug] [2025-09-02T15:20:39.040Z] >>> [apiv2][query] POST https://iam.googleapis.com/v1/projects/rapex-99a2c/serviceAccounts/rapex-99a2c@appspot.gserviceaccount.com:testIamPermissions [none]
[debug] [2025-09-02T15:20:39.040Z] >>> [apiv2][body] POST https://iam.googleapis.com/v1/projects/rapex-99a2c/serviceAccounts/rapex-99a2c@appspot.gserviceaccount.com:testIamPermissions {"permissions":["iam.serviceAccounts.actAs"]}
[debug] [2025-09-02T15:20:39.871Z] <<< [apiv2][status] POST https://iam.googleapis.com/v1/projects/rapex-99a2c/serviceAccounts/rapex-99a2c@appspot.gserviceaccount.com:testIamPermissions 200
[debug] [2025-09-02T15:20:39.871Z] <<< [apiv2][body] POST https://iam.googleapis.com/v1/projects/rapex-99a2c/serviceAccounts/rapex-99a2c@appspot.gserviceaccount.com:testIamPermissions {"permissions":["iam.serviceAccounts.actAs"]}
[info] 
[info] === Deploying to 'rapex-99a2c'...
[info] 
[info] i  deploying functions 
[info] Running command: npm --prefix "$RESOURCE_DIR" run lint
[info] Running command: npm --prefix "$RESOURCE_DIR" run build
[info] ✔  functions: Finished running predeploy script. 
[debug] [2025-09-02T15:20:43.344Z] Checked if tokens are valid: true, expires at: 1756829101307
[debug] [2025-09-02T15:20:43.344Z] Checked if tokens are valid: true, expires at: 1756829101307
[debug] [2025-09-02T15:20:43.344Z] >>> [apiv2][query] GET https://cloudresourcemanager.googleapis.com/v1/projects/rapex-99a2c [none]
[debug] [2025-09-02T15:20:43.563Z] <<< [apiv2][status] GET https://cloudresourcemanager.googleapis.com/v1/projects/rapex-99a2c 200
[debug] [2025-09-02T15:20:43.563Z] <<< [apiv2][body] GET https://cloudresourcemanager.googleapis.com/v1/projects/rapex-99a2c {"projectNumber":"29849753697","projectId":"rapex-99a2c","lifecycleState":"ACTIVE","name":"RaPeX","labels":{"firebase":"enabled","firebase-core":"disabled"},"createTime":"2025-09-02T15:04:00.863017Z"}
[info] i  functions: preparing codebase default for deployment 
[info] i  functions: ensuring required API cloudfunctions.googleapis.com is enabled... 
[info] i  functions: ensuring required API cloudbuild.googleapis.com is enabled... 
[info] i  artifactregistry: ensuring required API artifactregistry.googleapis.com is enabled... 
[debug] [2025-09-02T15:20:43.566Z] Checked if tokens are valid: true, expires at: 1756829101307
[debug] [2025-09-02T15:20:43.566Z] Checked if tokens are valid: true, expires at: 1756829101307
[debug] [2025-09-02T15:20:43.566Z] >>> [apiv2][query] GET https://firebase.googleapis.com/v1beta1/projects/rapex-99a2c/adminSdkConfig [none]
[debug] [2025-09-02T15:20:43.936Z] <<< [apiv2][status] GET https://firebase.googleapis.com/v1beta1/projects/rapex-99a2c/adminSdkConfig 200
[debug] [2025-09-02T15:20:43.937Z] <<< [apiv2][body] GET https://firebase.googleapis.com/v1beta1/projects/rapex-99a2c/adminSdkConfig {"projectId":"rapex-99a2c","storageBucket":"rapex-99a2c.firebasestorage.app"}
[debug] [2025-09-02T15:20:43.937Z] Checked if tokens are valid: true, expires at: 1756829101307
[debug] [2025-09-02T15:20:43.937Z] Checked if tokens are valid: true, expires at: 1756829101307
[debug] [2025-09-02T15:20:43.937Z] >>> [apiv2][query] GET https://runtimeconfig.googleapis.com/v1beta1/projects/rapex-99a2c/configs [none]
[debug] [2025-09-02T15:20:44.348Z] <<< [apiv2][status] GET https://runtimeconfig.googleapis.com/v1beta1/projects/rapex-99a2c/configs 200
[debug] [2025-09-02T15:20:44.348Z] <<< [apiv2][body] GET https://runtimeconfig.googleapis.com/v1beta1/projects/rapex-99a2c/configs {}
[debug] [2025-09-02T15:20:44.349Z] Validating nodejs source
[warn] ⚠  functions: package.json indicates an outdated version of firebase-functions. Please upgrade using npm install --save firebase-functions@latest in your functions directory. 
[warn] ⚠  functions: Please note that there will be breaking changes when you upgrade. 
[debug] [2025-09-02T15:20:44.811Z] > [functions] package.json contents: {
  "name": "functions",
  "description": "Cloud Functions for Firebase",
  "scripts": {
    "lint": "eslint --ext .js,.ts .",
    "build": "tsc",
    "build:watch": "tsc --watch",
    "serve": "npm run build && firebase emulators:start --only functions",
    "shell": "npm run build && firebase functions:shell",
    "start": "npm run shell",
    "deploy": "firebase deploy --only functions",
    "logs": "firebase functions:log"
  },
  "engines": {
    "node": "20"
  },
  "main": "lib/index.js",
  "dependencies": {
    "axios": "^1.11.0",
    "firebase-admin": "^12.0.0",
    "firebase-functions": "^5.0.0"
  },
  "devDependencies": {
    "@typescript-eslint/eslint-plugin": "^7.14.1",
    "@typescript-eslint/parser": "^7.14.1",
    "eslint": "^8.57.0",
    "eslint-plugin-import": "^2.29.1",
    "typescript": "^5.5.2"
  },
  "private": true
}
[debug] [2025-09-02T15:20:44.811Z] Building nodejs source
[info] i  functions: Loading and analyzing source code for codebase default to determine what to deploy 
[debug] [2025-09-02T15:20:44.812Z] Could not find functions.yaml. Must use http discovery
[debug] [2025-09-02T15:20:44.817Z] Found firebase-functions binary at '/Users/radoone/Devel/rapex/functions/node_modules/.bin/firebase-functions'
[info] Serving at port 8713

[debug] [2025-09-02T15:20:45.081Z] Got response from /__/functions.yaml {"endpoints":{"dailyRapexDeltaLoader":{"platform":"gcfv1","availableMemoryMb":null,"timeoutSeconds":null,"minInstances":null,"maxInstances":null,"ingressSettings":null,"serviceAccountEmail":null,"vpc":null,"scheduleTrigger":{"schedule":"13 3 * * *","retryConfig":{"retryCount":null,"maxDoublings":null,"maxRetryDuration":null,"maxBackoffDuration":null,"minBackoffDuration":null},"timeZone":"Europe/Bratislava"},"labels":{},"entryPoint":"dailyRapexDeltaLoader"}},"specVersion":"v1alpha1","requiredAPIs":[{"api":"cloudscheduler.googleapis.com","reason":"Needed for scheduled functions."}],"extensions":{}}
[info] i  extensions: ensuring required API firebaseextensions.googleapis.com is enabled... 
[debug] [2025-09-02T15:20:49.097Z] > command requires scopes: ["email","openid","https://www.googleapis.com/auth/cloudplatformprojects.readonly","https://www.googleapis.com/auth/firebase","https://www.googleapis.com/auth/cloud-platform"]
[debug] [2025-09-02T15:20:49.097Z] > authorizing via signed-in user (radoone@gmail.com)
[debug] [2025-09-02T15:20:49.097Z] [iam] checking project rapex-99a2c for permissions ["firebase.projects.get","firebaseextensions.instances.list"]
[debug] [2025-09-02T15:20:49.097Z] Checked if tokens are valid: true, expires at: 1756829101307
[debug] [2025-09-02T15:20:49.097Z] Checked if tokens are valid: true, expires at: 1756829101307
[debug] [2025-09-02T15:20:49.097Z] >>> [apiv2][query] POST https://cloudresourcemanager.googleapis.com/v1/projects/rapex-99a2c:testIamPermissions [none]
[debug] [2025-09-02T15:20:49.097Z] >>> [apiv2][(partial)header] POST https://cloudresourcemanager.googleapis.com/v1/projects/rapex-99a2c:testIamPermissions x-goog-quota-user=projects/rapex-99a2c
[debug] [2025-09-02T15:20:49.097Z] >>> [apiv2][body] POST https://cloudresourcemanager.googleapis.com/v1/projects/rapex-99a2c:testIamPermissions {"permissions":["firebase.projects.get","firebaseextensions.instances.list"]}
[debug] [2025-09-02T15:20:49.370Z] <<< [apiv2][status] POST https://cloudresourcemanager.googleapis.com/v1/projects/rapex-99a2c:testIamPermissions 200
[debug] [2025-09-02T15:20:49.370Z] <<< [apiv2][body] POST https://cloudresourcemanager.googleapis.com/v1/projects/rapex-99a2c:testIamPermissions {"permissions":["firebase.projects.get","firebaseextensions.instances.list"]}
[debug] [2025-09-02T15:20:49.371Z] Checked if tokens are valid: true, expires at: 1756829101307
[debug] [2025-09-02T15:20:49.371Z] Checked if tokens are valid: true, expires at: 1756829101307
[debug] [2025-09-02T15:20:49.372Z] >>> [apiv2][query] GET https://firebaseextensions.googleapis.com/v1beta/projects/rapex-99a2c/instances pageSize=100&pageToken=
[debug] [2025-09-02T15:20:50.374Z] <<< [apiv2][status] GET https://firebaseextensions.googleapis.com/v1beta/projects/rapex-99a2c/instances 200
[debug] [2025-09-02T15:20:50.374Z] <<< [apiv2][body] GET https://firebaseextensions.googleapis.com/v1beta/projects/rapex-99a2c/instances {}
[info] i  functions: preparing functions directory for uploading... 
[info] i  functions: packaged /Users/radoone/Devel/rapex/functions (65.11 KB) for uploading 
[debug] [2025-09-02T15:20:50.402Z] Checked if tokens are valid: true, expires at: 1756829101307
[debug] [2025-09-02T15:20:50.402Z] Checked if tokens are valid: true, expires at: 1756829101307
[debug] [2025-09-02T15:20:50.402Z] >>> [apiv2][query] GET https://cloudfunctions.googleapis.com/v1/projects/rapex-99a2c/locations/-/functions [none]
[debug] [2025-09-02T15:20:51.121Z] <<< [apiv2][status] GET https://cloudfunctions.googleapis.com/v1/projects/rapex-99a2c/locations/-/functions 200
[debug] [2025-09-02T15:20:51.121Z] <<< [apiv2][body] GET https://cloudfunctions.googleapis.com/v1/projects/rapex-99a2c/locations/-/functions {"functions":[{"name":"projects/rapex-99a2c/locations/us-central1/functions/dailyRapexDeltaLoader","eventTrigger":{"eventType":"google.pubsub.topic.publish","resource":"projects/rapex-99a2c/topics/firebase-schedule-dailyRapexDeltaLoader-us-central1","service":"pubsub.googleapis.com","failurePolicy":{}},"status":"ACTIVE","entryPoint":"dailyRapexDeltaLoader","timeout":"60s","availableMemoryMb":256,"serviceAccountEmail":"rapex-99a2c@appspot.gserviceaccount.com","updateTime":"2025-09-02T15:17:33.232547635Z","versionId":"1","labels":{"deployment-scheduled":"true","firebase-functions-hash":"6b96e20e667582ec6ed942cc9fcce18724971fd9","deployment-tool":"cli-firebase"},"sourceUploadUrl":"https://storage.googleapis.com/uploads-258603904992.us-central1.cloudfunctions.appspot.com/da91b3e6-aea8-4e46-8729-e0af4e9fdeb7.zip","environmentVariables":{"FIREBASE_CONFIG":"{\"projectId\":\"rapex-99a2c\",\"storageBucket\":\"rapex-99a2c.firebasestorage.app\"}","GCLOUD_PROJECT":"rapex-99a2c","EVENTARC_CLOUD_EVENT_SOURCE":"projects/rapex-99a2c/locations/us-central1/functions/dailyRapexDeltaLoader"},"runtime":"nodejs20","maxInstances":3000,"ingressSettings":"ALLOW_ALL","buildId":"83677d12-4b4c-4401-9bdd-c838c4fd7247","buildEnvironmentVariables":{"GOOGLE_NODE_RUN_SCRIPTS":""},"buildName":"projects/29849753697/locations/us-central1/builds/83677d12-4b4c-4401-9bdd-c838c4fd7247","dockerRegistry":"ARTIFACT_REGISTRY","automaticUpdatePolicy":{},"buildServiceAccount":"projects/rapex-99a2c/serviceAccounts/29849753697-compute@developer.gserviceaccount.com","satisfiesPzi":true}]}
[debug] [2025-09-02T15:20:51.122Z] Checked if tokens are valid: true, expires at: 1756829101307
[debug] [2025-09-02T15:20:51.122Z] Checked if tokens are valid: true, expires at: 1756829101307
[debug] [2025-09-02T15:20:51.122Z] >>> [apiv2][query] GET https://cloudfunctions.googleapis.com/v2/projects/rapex-99a2c/locations/-/functions filter=environment%3D%22GEN_2%22
[debug] [2025-09-02T15:20:52.353Z] <<< [apiv2][status] GET https://cloudfunctions.googleapis.com/v2/projects/rapex-99a2c/locations/-/functions 200
[debug] [2025-09-02T15:20:52.353Z] <<< [apiv2][body] GET https://cloudfunctions.googleapis.com/v2/projects/rapex-99a2c/locations/-/functions {}
[info] i  functions: ensuring required API cloudscheduler.googleapis.com is enabled... 
[debug] [2025-09-02T15:20:52.356Z] Checked if tokens are valid: true, expires at: 1756829101307
[debug] [2025-09-02T15:20:52.356Z] Checked if tokens are valid: true, expires at: 1756829101307
[debug] [2025-09-02T15:20:52.357Z] >>> [apiv2][query] GET https://cloudresourcemanager.googleapis.com/v1/projects/rapex-99a2c [none]
[debug] [2025-09-02T15:20:52.545Z] <<< [apiv2][status] GET https://cloudresourcemanager.googleapis.com/v1/projects/rapex-99a2c 200
[debug] [2025-09-02T15:20:52.546Z] <<< [apiv2][body] GET https://cloudresourcemanager.googleapis.com/v1/projects/rapex-99a2c {"projectNumber":"29849753697","projectId":"rapex-99a2c","lifecycleState":"ACTIVE","name":"RaPeX","labels":{"firebase":"enabled","firebase-core":"disabled"},"createTime":"2025-09-02T15:04:00.863017Z"}
[debug] [2025-09-02T15:20:52.547Z] Checked if tokens are valid: true, expires at: 1756829101307
[debug] [2025-09-02T15:20:52.547Z] Checked if tokens are valid: true, expires at: 1756829101307
[debug] [2025-09-02T15:20:52.548Z] >>> [apiv2][query] GET https://cloudbilling.googleapis.com/v1/projects/rapex-99a2c/billingInfo [none]
[debug] [2025-09-02T15:20:53.401Z] <<< [apiv2][status] GET https://cloudbilling.googleapis.com/v1/projects/rapex-99a2c/billingInfo 200
[debug] [2025-09-02T15:20:53.401Z] <<< [apiv2][body] GET https://cloudbilling.googleapis.com/v1/projects/rapex-99a2c/billingInfo {"name":"projects/rapex-99a2c/billingInfo","projectId":"rapex-99a2c","billingAccountName":"billingAccounts/010EEF-251129-4981B1","billingEnabled":true}
[debug] [2025-09-02T15:20:53.402Z] Checked if tokens are valid: true, expires at: 1756829101307
[debug] [2025-09-02T15:20:53.402Z] Checked if tokens are valid: true, expires at: 1756829101307
[debug] [2025-09-02T15:20:53.402Z] >>> [apiv2][query] POST https://cloudfunctions.googleapis.com/v1/projects/rapex-99a2c/locations/us-central1/functions:generateUploadUrl [none]
[debug] [2025-09-02T15:20:53.402Z] >>> [apiv2][body] POST https://cloudfunctions.googleapis.com/v1/projects/rapex-99a2c/locations/us-central1/functions:generateUploadUrl {}
[debug] [2025-09-02T15:20:54.013Z] <<< [apiv2][status] POST https://cloudfunctions.googleapis.com/v1/projects/rapex-99a2c/locations/us-central1/functions:generateUploadUrl 200
[debug] [2025-09-02T15:20:54.013Z] <<< [apiv2][body] POST https://cloudfunctions.googleapis.com/v1/projects/rapex-99a2c/locations/us-central1/functions:generateUploadUrl {"uploadUrl":"https://storage.googleapis.com/uploads-258603904992.us-central1.cloudfunctions.appspot.com/397f1c68-b1d4-4f32-847d-f02240671a22.zip?GoogleAccessId=service-29849753697@gcf-admin-robot.iam.gserviceaccount.com&Expires=1756828253&Signature=nkqOg6BvvX%2FTpAKtc2JKxa39cJkYVaj6sxAsGnAjKW67ouJv9zU%2FsbFPKzYof0%2B6VFw4QUq1Y6H5dPoJoVtWzwWdvlkm2yOvH0PUBwf42qe8l4nNT3fVhuY%2BnLw9bpZ084UZ0dwhqNpoHu70acyLJwz3TiVoHCCldV%2BbCrEb%2FP3YQP6oZg0l3m%2FXVB%2FvUonfMURf4D%2FJWdYKHb6E4t3FBifS3%2FmT1BRJKl3%2B9ens9ZpJJ5NUUMlD9u7kEWV9AcjKv%2B9RacafcV9EgShSvytpaNLcMlS9bfQHoO7Ke456KX6E9H1cDLRF3HmAdfq5P9Ub%2BFNCVQ1UJmU941SDZenAoQ%3D%3D"}
[debug] [2025-09-02T15:20:54.014Z] >>> [apiv2][query] PUT https://storage.googleapis.com/uploads-258603904992.us-central1.cloudfunctions.appspot.com/397f1c68-b1d4-4f32-847d-f02240671a22.zip GoogleAccessId=service-29849753697%40gcf-admin-robot.iam.gserviceaccount.com&Expires=1756828253&Signature=nkqOg6BvvX%2FTpAKtc2JKxa39cJkYVaj6sxAsGnAjKW67ouJv9zU%2FsbFPKzYof0%2B6VFw4QUq1Y6H5dPoJoVtWzwWdvlkm2yOvH0PUBwf42qe8l4nNT3fVhuY%2BnLw9bpZ084UZ0dwhqNpoHu70acyLJwz3TiVoHCCldV%2BbCrEb%2FP3YQP6oZg0l3m%2FXVB%2FvUonfMURf4D%2FJWdYKHb6E4t3FBifS3%2FmT1BRJKl3%2B9ens9ZpJJ5NUUMlD9u7kEWV9AcjKv%2B9RacafcV9EgShSvytpaNLcMlS9bfQHoO7Ke456KX6E9H1cDLRF3HmAdfq5P9Ub%2BFNCVQ1UJmU941SDZenAoQ%3D%3D
[debug] [2025-09-02T15:20:54.014Z] >>> [apiv2][body] PUT https://storage.googleapis.com/uploads-258603904992.us-central1.cloudfunctions.appspot.com/397f1c68-b1d4-4f32-847d-f02240671a22.zip [stream]
[debug] [2025-09-02T15:20:54.596Z] <<< [apiv2][status] PUT https://storage.googleapis.com/uploads-258603904992.us-central1.cloudfunctions.appspot.com/397f1c68-b1d4-4f32-847d-f02240671a22.zip 200
[debug] [2025-09-02T15:20:54.596Z] <<< [apiv2][body] PUT https://storage.googleapis.com/uploads-258603904992.us-central1.cloudfunctions.appspot.com/397f1c68-b1d4-4f32-847d-f02240671a22.zip [omitted]
[info] ✔  functions: functions folder uploaded successfully 
[info] i  functions: updating Node.js 20 (1st Gen) function dailyRapexDeltaLoader(us-central1)... 
[debug] [2025-09-02T15:20:54.599Z] Checked if tokens are valid: true, expires at: 1756829101307
[debug] [2025-09-02T15:20:54.599Z] Checked if tokens are valid: true, expires at: 1756829101307
[debug] [2025-09-02T15:20:54.599Z] >>> [apiv2][query] PATCH https://cloudfunctions.googleapis.com/v1/projects/rapex-99a2c/locations/us-central1/functions/dailyRapexDeltaLoader updateMask=name%2CsourceUploadUrl%2CentryPoint%2Cruntime%2CdockerRegistry%2Clabels%2CeventTrigger.eventType%2CeventTrigger.resource%2CminInstances%2CmaxInstances%2CingressSettings%2CenvironmentVariables%2CserviceAccountEmail%2CavailableMemoryMb%2Ctimeout%2CvpcConnector%2CvpcConnectorEgressSettings%2CsourceToken%2CbuildEnvironmentVariables
[debug] [2025-09-02T15:20:54.599Z] >>> [apiv2][body] PATCH https://cloudfunctions.googleapis.com/v1/projects/rapex-99a2c/locations/us-central1/functions/dailyRapexDeltaLoader {"name":"projects/rapex-99a2c/locations/us-central1/functions/dailyRapexDeltaLoader","sourceUploadUrl":"https://storage.googleapis.com/uploads-258603904992.us-central1.cloudfunctions.appspot.com/397f1c68-b1d4-4f32-847d-f02240671a22.zip?GoogleAccessId=service-29849753697@gcf-admin-robot.iam.gserviceaccount.com&Expires=1756828253&Signature=nkqOg6BvvX%2FTpAKtc2JKxa39cJkYVaj6sxAsGnAjKW67ouJv9zU%2FsbFPKzYof0%2B6VFw4QUq1Y6H5dPoJoVtWzwWdvlkm2yOvH0PUBwf42qe8l4nNT3fVhuY%2BnLw9bpZ084UZ0dwhqNpoHu70acyLJwz3TiVoHCCldV%2BbCrEb%2FP3YQP6oZg0l3m%2FXVB%2FvUonfMURf4D%2FJWdYKHb6E4t3FBifS3%2FmT1BRJKl3%2B9ens9ZpJJ5NUUMlD9u7kEWV9AcjKv%2B9RacafcV9EgShSvytpaNLcMlS9bfQHoO7Ke456KX6E9H1cDLRF3HmAdfq5P9Ub%2BFNCVQ1UJmU941SDZenAoQ%3D%3D","entryPoint":"dailyRapexDeltaLoader","runtime":"nodejs20","dockerRegistry":"ARTIFACT_REGISTRY","labels":{"deployment-tool":"cli-firebase","deployment-scheduled":"true","firebase-functions-hash":"6b96e20e667582ec6ed942cc9fcce18724971fd9"},"eventTrigger":{"eventType":"google.pubsub.topic.publish","resource":"projects/rapex-99a2c/topics/firebase-schedule-dailyRapexDeltaLoader-us-central1"},"minInstances":null,"maxInstances":null,"ingressSettings":null,"environmentVariables":{"FIREBASE_CONFIG":"{\"projectId\":\"rapex-99a2c\",\"storageBucket\":\"rapex-99a2c.firebasestorage.app\"}","GCLOUD_PROJECT":"rapex-99a2c","EVENTARC_CLOUD_EVENT_SOURCE":"projects/rapex-99a2c/locations/us-central1/functions/dailyRapexDeltaLoader"},"serviceAccountEmail":null,"availableMemoryMb":null,"timeout":null,"vpcConnector":null,"vpcConnectorEgressSettings":null,"buildEnvironmentVariables":{"GOOGLE_NODE_RUN_SCRIPTS":""}}
[debug] [2025-09-02T15:20:55.140Z] <<< [apiv2][status] PATCH https://cloudfunctions.googleapis.com/v1/projects/rapex-99a2c/locations/us-central1/functions/dailyRapexDeltaLoader 200
[debug] [2025-09-02T15:20:55.140Z] <<< [apiv2][body] PATCH https://cloudfunctions.googleapis.com/v1/projects/rapex-99a2c/locations/us-central1/functions/dailyRapexDeltaLoader {"name":"operations/cmFwZXgtOTlhMmMvdXMtY2VudHJhbDEvZGFpbHlSYXBleERlbHRhTG9hZGVyL3c5VnN2ekJ6aTdB","metadata":{"@type":"type.googleapis.com/google.cloud.functions.v1.OperationMetadataV1","target":"projects/rapex-99a2c/locations/us-central1/functions/dailyRapexDeltaLoader","type":"UPDATE_FUNCTION","request":{"@type":"type.googleapis.com/google.cloud.functions.v1.CloudFunction","name":"projects/rapex-99a2c/locations/us-central1/functions/dailyRapexDeltaLoader","eventTrigger":{"eventType":"google.pubsub.topic.publish","resource":"projects/rapex-99a2c/topics/firebase-schedule-dailyRapexDeltaLoader-us-central1","service":"pubsub.googleapis.com","failurePolicy":{}},"status":"ACTIVE","entryPoint":"dailyRapexDeltaLoader","updateTime":"2025-09-02T15:17:32.842Z","versionId":"1","labels":{"deployment-tool":"cli-firebase","deployment-scheduled":"true","firebase-functions-hash":"6b96e20e667582ec6ed942cc9fcce18724971fd9"},"sourceUploadUrl":"https://storage.googleapis.com/uploads-258603904992.us-central1.cloudfunctions.appspot.com/397f1c68-b1d4-4f32-847d-f02240671a22.zip?GoogleAccessId=service-29849753697@gcf-admin-robot.iam.gserviceaccount.com&Expires=1756828253&Signature=nkqOg6BvvX%2FTpAKtc2JKxa39cJkYVaj6sxAsGnAjKW67ouJv9zU%2FsbFPKzYof0%2B6VFw4QUq1Y6H5dPoJoVtWzwWdvlkm2yOvH0PUBwf42qe8l4nNT3fVhuY%2BnLw9bpZ084UZ0dwhqNpoHu70acyLJwz3TiVoHCCldV%2BbCrEb%2FP3YQP6oZg0l3m%2FXVB%2FvUonfMURf4D%2FJWdYKHb6E4t3FBifS3%2FmT1BRJKl3%2B9ens9ZpJJ5NUUMlD9u7kEWV9AcjKv%2B9RacafcV9EgShSvytpaNLcMlS9bfQHoO7Ke456KX6E9H1cDLRF3HmAdfq5P9Ub%2BFNCVQ1UJmU941SDZenAoQ%3D%3D","environmentVariables":{"FIREBASE_CONFIG":"{\"projectId\":\"rapex-99a2c\",\"storageBucket\":\"rapex-99a2c.firebasestorage.app\"}","GCLOUD_PROJECT":"rapex-99a2c","EVENTARC_CLOUD_EVENT_SOURCE":"projects/rapex-99a2c/locations/us-central1/functions/dailyRapexDeltaLoader"},"runtime":"nodejs20","buildId":"83677d12-4b4c-4401-9bdd-c838c4fd7247","buildEnvironmentVariables":{"GOOGLE_NODE_RUN_SCRIPTS":""},"buildName":"projects/29849753697/locations/us-central1/builds/83677d12-4b4c-4401-9bdd-c838c4fd7247","dockerRegistry":"ARTIFACT_REGISTRY","automaticUpdatePolicy":{},"buildServiceAccount":"projects/rapex-99a2c/serviceAccounts/29849753697-compute@developer.gserviceaccount.com"},"versionId":"2","updateTime":"2025-09-02T15:20:55Z"}}
[debug] [2025-09-02T15:20:55.140Z] Checked if tokens are valid: true, expires at: 1756829101307
[debug] [2025-09-02T15:20:55.141Z] Checked if tokens are valid: true, expires at: 1756829101307
[debug] [2025-09-02T15:20:55.141Z] >>> [apiv2][query] GET https://cloudfunctions.googleapis.com/v1/operations/cmFwZXgtOTlhMmMvdXMtY2VudHJhbDEvZGFpbHlSYXBleERlbHRhTG9hZGVyL3c5VnN2ekJ6aTdB [none]
[debug] [2025-09-02T15:20:55.391Z] <<< [apiv2][status] GET https://cloudfunctions.googleapis.com/v1/operations/cmFwZXgtOTlhMmMvdXMtY2VudHJhbDEvZGFpbHlSYXBleERlbHRhTG9hZGVyL3c5VnN2ekJ6aTdB 200
[debug] [2025-09-02T15:20:55.391Z] <<< [apiv2][body] GET https://cloudfunctions.googleapis.com/v1/operations/cmFwZXgtOTlhMmMvdXMtY2VudHJhbDEvZGFpbHlSYXBleERlbHRhTG9hZGVyL3c5VnN2ekJ6aTdB {"name":"operations/cmFwZXgtOTlhMmMvdXMtY2VudHJhbDEvZGFpbHlSYXBleERlbHRhTG9hZGVyL3c5VnN2ekJ6aTdB","metadata":{"@type":"type.googleapis.com/google.cloud.functions.v1.OperationMetadataV1","target":"projects/rapex-99a2c/locations/us-central1/functions/dailyRapexDeltaLoader","type":"UPDATE_FUNCTION","request":{"@type":"type.googleapis.com/google.cloud.functions.v1.CloudFunction","name":"projects/rapex-99a2c/locations/us-central1/functions/dailyRapexDeltaLoader","eventTrigger":{"eventType":"google.pubsub.topic.publish","resource":"projects/rapex-99a2c/topics/firebase-schedule-dailyRapexDeltaLoader-us-central1","service":"pubsub.googleapis.com","failurePolicy":{}},"status":"ACTIVE","entryPoint":"dailyRapexDeltaLoader","updateTime":"2025-09-02T15:17:32.842Z","versionId":"1","labels":{"deployment-tool":"cli-firebase","deployment-scheduled":"true","firebase-functions-hash":"6b96e20e667582ec6ed942cc9fcce18724971fd9"},"sourceUploadUrl":"https://storage.googleapis.com/uploads-258603904992.us-central1.cloudfunctions.appspot.com/397f1c68-b1d4-4f32-847d-f02240671a22.zip?GoogleAccessId=service-29849753697@gcf-admin-robot.iam.gserviceaccount.com&Expires=1756828253&Signature=nkqOg6BvvX%2FTpAKtc2JKxa39cJkYVaj6sxAsGnAjKW67ouJv9zU%2FsbFPKzYof0%2B6VFw4QUq1Y6H5dPoJoVtWzwWdvlkm2yOvH0PUBwf42qe8l4nNT3fVhuY%2BnLw9bpZ084UZ0dwhqNpoHu70acyLJwz3TiVoHCCldV%2BbCrEb%2FP3YQP6oZg0l3m%2FXVB%2FvUonfMURf4D%2FJWdYKHb6E4t3FBifS3%2FmT1BRJKl3%2B9ens9ZpJJ5NUUMlD9u7kEWV9AcjKv%2B9RacafcV9EgShSvytpaNLcMlS9bfQHoO7Ke456KX6E9H1cDLRF3HmAdfq5P9Ub%2BFNCVQ1UJmU941SDZenAoQ%3D%3D","environmentVariables":{"FIREBASE_CONFIG":"{\"projectId\":\"rapex-99a2c\",\"storageBucket\":\"rapex-99a2c.firebasestorage.app\"}","GCLOUD_PROJECT":"rapex-99a2c","EVENTARC_CLOUD_EVENT_SOURCE":"projects/rapex-99a2c/locations/us-central1/functions/dailyRapexDeltaLoader"},"runtime":"nodejs20","buildId":"83677d12-4b4c-4401-9bdd-c838c4fd7247","buildEnvironmentVariables":{"GOOGLE_NODE_RUN_SCRIPTS":""},"buildName":"projects/29849753697/locations/us-central1/builds/83677d12-4b4c-4401-9bdd-c838c4fd7247","dockerRegistry":"ARTIFACT_REGISTRY","automaticUpdatePolicy":{},"buildServiceAccount":"projects/rapex-99a2c/serviceAccounts/29849753697-compute@developer.gserviceaccount.com"},"versionId":"2","updateTime":"2025-09-02T15:20:55Z"}}
[debug] [2025-09-02T15:20:55.894Z] [update-default-us-central1-dailyRapexDeltaLoader] Retrying task index 0
[debug] [2025-09-02T15:20:55.895Z] Checked if tokens are valid: true, expires at: 1756829101307
[debug] [2025-09-02T15:20:55.895Z] Checked if tokens are valid: true, expires at: 1756829101307
[debug] [2025-09-02T15:20:55.895Z] >>> [apiv2][query] GET https://cloudfunctions.googleapis.com/v1/operations/cmFwZXgtOTlhMmMvdXMtY2VudHJhbDEvZGFpbHlSYXBleERlbHRhTG9hZGVyL3c5VnN2ekJ6aTdB [none]
[debug] [2025-09-02T15:20:56.103Z] <<< [apiv2][status] GET https://cloudfunctions.googleapis.com/v1/operations/cmFwZXgtOTlhMmMvdXMtY2VudHJhbDEvZGFpbHlSYXBleERlbHRhTG9hZGVyL3c5VnN2ekJ6aTdB 200
[debug] [2025-09-02T15:20:56.104Z] <<< [apiv2][body] GET https://cloudfunctions.googleapis.com/v1/operations/cmFwZXgtOTlhMmMvdXMtY2VudHJhbDEvZGFpbHlSYXBleERlbHRhTG9hZGVyL3c5VnN2ekJ6aTdB {"name":"operations/cmFwZXgtOTlhMmMvdXMtY2VudHJhbDEvZGFpbHlSYXBleERlbHRhTG9hZGVyL3c5VnN2ekJ6aTdB","metadata":{"@type":"type.googleapis.com/google.cloud.functions.v1.OperationMetadataV1","target":"projects/rapex-99a2c/locations/us-central1/functions/dailyRapexDeltaLoader","type":"UPDATE_FUNCTION","request":{"@type":"type.googleapis.com/google.cloud.functions.v1.CloudFunction","name":"projects/rapex-99a2c/locations/us-central1/functions/dailyRapexDeltaLoader","eventTrigger":{"eventType":"google.pubsub.topic.publish","resource":"projects/rapex-99a2c/topics/firebase-schedule-dailyRapexDeltaLoader-us-central1","service":"pubsub.googleapis.com","failurePolicy":{}},"status":"ACTIVE","entryPoint":"dailyRapexDeltaLoader","updateTime":"2025-09-02T15:17:32.842Z","versionId":"1","labels":{"deployment-tool":"cli-firebase","deployment-scheduled":"true","firebase-functions-hash":"6b96e20e667582ec6ed942cc9fcce18724971fd9"},"sourceUploadUrl":"https://storage.googleapis.com/uploads-258603904992.us-central1.cloudfunctions.appspot.com/397f1c68-b1d4-4f32-847d-f02240671a22.zip?GoogleAccessId=service-29849753697@gcf-admin-robot.iam.gserviceaccount.com&Expires=1756828253&Signature=nkqOg6BvvX%2FTpAKtc2JKxa39cJkYVaj6sxAsGnAjKW67ouJv9zU%2FsbFPKzYof0%2B6VFw4QUq1Y6H5dPoJoVtWzwWdvlkm2yOvH0PUBwf42qe8l4nNT3fVhuY%2BnLw9bpZ084UZ0dwhqNpoHu70acyLJwz3TiVoHCCldV%2BbCrEb%2FP3YQP6oZg0l3m%2FXVB%2FvUonfMURf4D%2FJWdYKHb6E4t3FBifS3%2FmT1BRJKl3%2B9ens9ZpJJ5NUUMlD9u7kEWV9AcjKv%2B9RacafcV9EgShSvytpaNLcMlS9bfQHoO7Ke456KX6E9H1cDLRF3HmAdfq5P9Ub%2BFNCVQ1UJmU941SDZenAoQ%3D%3D","environmentVariables":{"FIREBASE_CONFIG":"{\"projectId\":\"rapex-99a2c\",\"storageBucket\":\"rapex-99a2c.firebasestorage.app\"}","GCLOUD_PROJECT":"rapex-99a2c","EVENTARC_CLOUD_EVENT_SOURCE":"projects/rapex-99a2c/locations/us-central1/functions/dailyRapexDeltaLoader"},"runtime":"nodejs20","buildId":"83677d12-4b4c-4401-9bdd-c838c4fd7247","buildEnvironmentVariables":{"GOOGLE_NODE_RUN_SCRIPTS":""},"buildName":"projects/29849753697/locations/us-central1/builds/83677d12-4b4c-4401-9bdd-c838c4fd7247","dockerRegistry":"ARTIFACT_REGISTRY","automaticUpdatePolicy":{},"buildServiceAccount":"projects/rapex-99a2c/serviceAccounts/29849753697-compute@developer.gserviceaccount.com"},"versionId":"2","updateTime":"2025-09-02T15:20:55Z","buildId":"d703d9fa-b912-4979-b93e-3c6675975fbe","buildName":"projects/29849753697/locations/us-central1/builds/d703d9fa-b912-4979-b93e-3c6675975fbe"}}
[debug] [2025-09-02T15:20:57.104Z] [update-default-us-central1-dailyRapexDeltaLoader] Retrying task index 0
[debug] [2025-09-02T15:20:57.105Z] Checked if tokens are valid: true, expires at: 1756829101307
[debug] [2025-09-02T15:20:57.105Z] Checked if tokens are valid: true, expires at: 1756829101307
[debug] [2025-09-02T15:20:57.105Z] >>> [apiv2][query] GET https://cloudfunctions.googleapis.com/v1/operations/cmFwZXgtOTlhMmMvdXMtY2VudHJhbDEvZGFpbHlSYXBleERlbHRhTG9hZGVyL3c5VnN2ekJ6aTdB [none]
[debug] [2025-09-02T15:20:57.404Z] <<< [apiv2][status] GET https://cloudfunctions.googleapis.com/v1/operations/cmFwZXgtOTlhMmMvdXMtY2VudHJhbDEvZGFpbHlSYXBleERlbHRhTG9hZGVyL3c5VnN2ekJ6aTdB 200
[debug] [2025-09-02T15:20:57.405Z] <<< [apiv2][body] GET https://cloudfunctions.googleapis.com/v1/operations/cmFwZXgtOTlhMmMvdXMtY2VudHJhbDEvZGFpbHlSYXBleERlbHRhTG9hZGVyL3c5VnN2ekJ6aTdB {"name":"operations/cmFwZXgtOTlhMmMvdXMtY2VudHJhbDEvZGFpbHlSYXBleERlbHRhTG9hZGVyL3c5VnN2ekJ6aTdB","metadata":{"@type":"type.googleapis.com/google.cloud.functions.v1.OperationMetadataV1","target":"projects/rapex-99a2c/locations/us-central1/functions/dailyRapexDeltaLoader","type":"UPDATE_FUNCTION","request":{"@type":"type.googleapis.com/google.cloud.functions.v1.CloudFunction","name":"projects/rapex-99a2c/locations/us-central1/functions/dailyRapexDeltaLoader","eventTrigger":{"eventType":"google.pubsub.topic.publish","resource":"projects/rapex-99a2c/topics/firebase-schedule-dailyRapexDeltaLoader-us-central1","service":"pubsub.googleapis.com","failurePolicy":{}},"status":"ACTIVE","entryPoint":"dailyRapexDeltaLoader","updateTime":"2025-09-02T15:17:32.842Z","versionId":"1","labels":{"deployment-tool":"cli-firebase","deployment-scheduled":"true","firebase-functions-hash":"6b96e20e667582ec6ed942cc9fcce18724971fd9"},"sourceUploadUrl":"https://storage.googleapis.com/uploads-258603904992.us-central1.cloudfunctions.appspot.com/397f1c68-b1d4-4f32-847d-f02240671a22.zip?GoogleAccessId=service-29849753697@gcf-admin-robot.iam.gserviceaccount.com&Expires=1756828253&Signature=nkqOg6BvvX%2FTpAKtc2JKxa39cJkYVaj6sxAsGnAjKW67ouJv9zU%2FsbFPKzYof0%2B6VFw4QUq1Y6H5dPoJoVtWzwWdvlkm2yOvH0PUBwf42qe8l4nNT3fVhuY%2BnLw9bpZ084UZ0dwhqNpoHu70acyLJwz3TiVoHCCldV%2BbCrEb%2FP3YQP6oZg0l3m%2FXVB%2FvUonfMURf4D%2FJWdYKHb6E4t3FBifS3%2FmT1BRJKl3%2B9ens9ZpJJ5NUUMlD9u7kEWV9AcjKv%2B9RacafcV9EgShSvytpaNLcMlS9bfQHoO7Ke456KX6E9H1cDLRF3HmAdfq5P9Ub%2BFNCVQ1UJmU941SDZenAoQ%3D%3D","environmentVariables":{"FIREBASE_CONFIG":"{\"projectId\":\"rapex-99a2c\",\"storageBucket\":\"rapex-99a2c.firebasestorage.app\"}","GCLOUD_PROJECT":"rapex-99a2c","EVENTARC_CLOUD_EVENT_SOURCE":"projects/rapex-99a2c/locations/us-central1/functions/dailyRapexDeltaLoader"},"runtime":"nodejs20","buildId":"83677d12-4b4c-4401-9bdd-c838c4fd7247","buildEnvironmentVariables":{"GOOGLE_NODE_RUN_SCRIPTS":""},"buildName":"projects/29849753697/locations/us-central1/builds/83677d12-4b4c-4401-9bdd-c838c4fd7247","dockerRegistry":"ARTIFACT_REGISTRY","automaticUpdatePolicy":{},"buildServiceAccount":"projects/rapex-99a2c/serviceAccounts/29849753697-compute@developer.gserviceaccount.com"},"versionId":"2","updateTime":"2025-09-02T15:20:55Z","buildId":"d703d9fa-b912-4979-b93e-3c6675975fbe","buildName":"projects/29849753697/locations/us-central1/builds/d703d9fa-b912-4979-b93e-3c6675975fbe"}}
[debug] [2025-09-02T15:20:59.406Z] [update-default-us-central1-dailyRapexDeltaLoader] Retrying task index 0
[debug] [2025-09-02T15:20:59.407Z] Checked if tokens are valid: true, expires at: 1756829101307
[debug] [2025-09-02T15:20:59.407Z] Checked if tokens are valid: true, expires at: 1756829101307
[debug] [2025-09-02T15:20:59.407Z] >>> [apiv2][query] GET https://cloudfunctions.googleapis.com/v1/operations/cmFwZXgtOTlhMmMvdXMtY2VudHJhbDEvZGFpbHlSYXBleERlbHRhTG9hZGVyL3c5VnN2ekJ6aTdB [none]
[debug] [2025-09-02T15:20:59.722Z] <<< [apiv2][status] GET https://cloudfunctions.googleapis.com/v1/operations/cmFwZXgtOTlhMmMvdXMtY2VudHJhbDEvZGFpbHlSYXBleERlbHRhTG9hZGVyL3c5VnN2ekJ6aTdB 200
[debug] [2025-09-02T15:20:59.722Z] <<< [apiv2][body] GET https://cloudfunctions.googleapis.com/v1/operations/cmFwZXgtOTlhMmMvdXMtY2VudHJhbDEvZGFpbHlSYXBleERlbHRhTG9hZGVyL3c5VnN2ekJ6aTdB {"name":"operations/cmFwZXgtOTlhMmMvdXMtY2VudHJhbDEvZGFpbHlSYXBleERlbHRhTG9hZGVyL3c5VnN2ekJ6aTdB","metadata":{"@type":"type.googleapis.com/google.cloud.functions.v1.OperationMetadataV1","target":"projects/rapex-99a2c/locations/us-central1/functions/dailyRapexDeltaLoader","type":"UPDATE_FUNCTION","request":{"@type":"type.googleapis.com/google.cloud.functions.v1.CloudFunction","name":"projects/rapex-99a2c/locations/us-central1/functions/dailyRapexDeltaLoader","eventTrigger":{"eventType":"google.pubsub.topic.publish","resource":"projects/rapex-99a2c/topics/firebase-schedule-dailyRapexDeltaLoader-us-central1","service":"pubsub.googleapis.com","failurePolicy":{}},"status":"ACTIVE","entryPoint":"dailyRapexDeltaLoader","updateTime":"2025-09-02T15:17:32.842Z","versionId":"1","labels":{"deployment-tool":"cli-firebase","deployment-scheduled":"true","firebase-functions-hash":"6b96e20e667582ec6ed942cc9fcce18724971fd9"},"sourceUploadUrl":"https://storage.googleapis.com/uploads-258603904992.us-central1.cloudfunctions.appspot.com/397f1c68-b1d4-4f32-847d-f02240671a22.zip?GoogleAccessId=service-29849753697@gcf-admin-robot.iam.gserviceaccount.com&Expires=1756828253&Signature=nkqOg6BvvX%2FTpAKtc2JKxa39cJkYVaj6sxAsGnAjKW67ouJv9zU%2FsbFPKzYof0%2B6VFw4QUq1Y6H5dPoJoVtWzwWdvlkm2yOvH0PUBwf42qe8l4nNT3fVhuY%2BnLw9bpZ084UZ0dwhqNpoHu70acyLJwz3TiVoHCCldV%2BbCrEb%2FP3YQP6oZg0l3m%2FXVB%2FvUonfMURf4D%2FJWdYKHb6E4t3FBifS3%2FmT1BRJKl3%2B9ens9ZpJJ5NUUMlD9u7kEWV9AcjKv%2B9RacafcV9EgShSvytpaNLcMlS9bfQHoO7Ke456KX6E9H1cDLRF3HmAdfq5P9Ub%2BFNCVQ1UJmU941SDZenAoQ%3D%3D","environmentVariables":{"FIREBASE_CONFIG":"{\"projectId\":\"rapex-99a2c\",\"storageBucket\":\"rapex-99a2c.firebasestorage.app\"}","GCLOUD_PROJECT":"rapex-99a2c","EVENTARC_CLOUD_EVENT_SOURCE":"projects/rapex-99a2c/locations/us-central1/functions/dailyRapexDeltaLoader"},"runtime":"nodejs20","buildId":"83677d12-4b4c-4401-9bdd-c838c4fd7247","buildEnvironmentVariables":{"GOOGLE_NODE_RUN_SCRIPTS":""},"buildName":"projects/29849753697/locations/us-central1/builds/83677d12-4b4c-4401-9bdd-c838c4fd7247","dockerRegistry":"ARTIFACT_REGISTRY","automaticUpdatePolicy":{},"buildServiceAccount":"projects/rapex-99a2c/serviceAccounts/29849753697-compute@developer.gserviceaccount.com"},"versionId":"2","updateTime":"2025-09-02T15:20:55Z","buildId":"d703d9fa-b912-4979-b93e-3c6675975fbe","buildName":"projects/29849753697/locations/us-central1/builds/d703d9fa-b912-4979-b93e-3c6675975fbe"}}
[debug] [2025-09-02T15:21:03.722Z] [update-default-us-central1-dailyRapexDeltaLoader] Retrying task index 0
[debug] [2025-09-02T15:21:03.722Z] Checked if tokens are valid: true, expires at: 1756829101307
[debug] [2025-09-02T15:21:03.723Z] Checked if tokens are valid: true, expires at: 1756829101307
[debug] [2025-09-02T15:21:03.723Z] >>> [apiv2][query] GET https://cloudfunctions.googleapis.com/v1/operations/cmFwZXgtOTlhMmMvdXMtY2VudHJhbDEvZGFpbHlSYXBleERlbHRhTG9hZGVyL3c5VnN2ekJ6aTdB [none]
[debug] [2025-09-02T15:21:03.905Z] <<< [apiv2][status] GET https://cloudfunctions.googleapis.com/v1/operations/cmFwZXgtOTlhMmMvdXMtY2VudHJhbDEvZGFpbHlSYXBleERlbHRhTG9hZGVyL3c5VnN2ekJ6aTdB 200
[debug] [2025-09-02T15:21:03.906Z] <<< [apiv2][body] GET https://cloudfunctions.googleapis.com/v1/operations/cmFwZXgtOTlhMmMvdXMtY2VudHJhbDEvZGFpbHlSYXBleERlbHRhTG9hZGVyL3c5VnN2ekJ6aTdB {"name":"operations/cmFwZXgtOTlhMmMvdXMtY2VudHJhbDEvZGFpbHlSYXBleERlbHRhTG9hZGVyL3c5VnN2ekJ6aTdB","metadata":{"@type":"type.googleapis.com/google.cloud.functions.v1.OperationMetadataV1","target":"projects/rapex-99a2c/locations/us-central1/functions/dailyRapexDeltaLoader","type":"UPDATE_FUNCTION","request":{"@type":"type.googleapis.com/google.cloud.functions.v1.CloudFunction","name":"projects/rapex-99a2c/locations/us-central1/functions/dailyRapexDeltaLoader","eventTrigger":{"eventType":"google.pubsub.topic.publish","resource":"projects/rapex-99a2c/topics/firebase-schedule-dailyRapexDeltaLoader-us-central1","service":"pubsub.googleapis.com","failurePolicy":{}},"status":"ACTIVE","entryPoint":"dailyRapexDeltaLoader","updateTime":"2025-09-02T15:17:32.842Z","versionId":"1","labels":{"deployment-tool":"cli-firebase","deployment-scheduled":"true","firebase-functions-hash":"6b96e20e667582ec6ed942cc9fcce18724971fd9"},"sourceUploadUrl":"https://storage.googleapis.com/uploads-258603904992.us-central1.cloudfunctions.appspot.com/397f1c68-b1d4-4f32-847d-f02240671a22.zip?GoogleAccessId=service-29849753697@gcf-admin-robot.iam.gserviceaccount.com&Expires=1756828253&Signature=nkqOg6BvvX%2FTpAKtc2JKxa39cJkYVaj6sxAsGnAjKW67ouJv9zU%2FsbFPKzYof0%2B6VFw4QUq1Y6H5dPoJoVtWzwWdvlkm2yOvH0PUBwf42qe8l4nNT3fVhuY%2BnLw9bpZ084UZ0dwhqNpoHu70acyLJwz3TiVoHCCldV%2BbCrEb%2FP3YQP6oZg0l3m%2FXVB%2FvUonfMURf4D%2FJWdYKHb6E4t3FBifS3%2FmT1BRJKl3%2B9ens9ZpJJ5NUUMlD9u7kEWV9AcjKv%2B9RacafcV9EgShSvytpaNLcMlS9bfQHoO7Ke456KX6E9H1cDLRF3HmAdfq5P9Ub%2BFNCVQ1UJmU941SDZenAoQ%3D%3D","environmentVariables":{"FIREBASE_CONFIG":"{\"projectId\":\"rapex-99a2c\",\"storageBucket\":\"rapex-99a2c.firebasestorage.app\"}","GCLOUD_PROJECT":"rapex-99a2c","EVENTARC_CLOUD_EVENT_SOURCE":"projects/rapex-99a2c/locations/us-central1/functions/dailyRapexDeltaLoader"},"runtime":"nodejs20","buildId":"83677d12-4b4c-4401-9bdd-c838c4fd7247","buildEnvironmentVariables":{"GOOGLE_NODE_RUN_SCRIPTS":""},"buildName":"projects/29849753697/locations/us-central1/builds/83677d12-4b4c-4401-9bdd-c838c4fd7247","dockerRegistry":"ARTIFACT_REGISTRY","automaticUpdatePolicy":{},"buildServiceAccount":"projects/rapex-99a2c/serviceAccounts/29849753697-compute@developer.gserviceaccount.com"},"versionId":"2","updateTime":"2025-09-02T15:20:55Z","buildId":"d703d9fa-b912-4979-b93e-3c6675975fbe","buildName":"projects/29849753697/locations/us-central1/builds/d703d9fa-b912-4979-b93e-3c6675975fbe"}}
[debug] [2025-09-02T15:21:11.907Z] [update-default-us-central1-dailyRapexDeltaLoader] Retrying task index 0
[debug] [2025-09-02T15:21:11.907Z] Checked if tokens are valid: true, expires at: 1756829101307
[debug] [2025-09-02T15:21:11.907Z] Checked if tokens are valid: true, expires at: 1756829101307
[debug] [2025-09-02T15:21:11.907Z] >>> [apiv2][query] GET https://cloudfunctions.googleapis.com/v1/operations/cmFwZXgtOTlhMmMvdXMtY2VudHJhbDEvZGFpbHlSYXBleERlbHRhTG9hZGVyL3c5VnN2ekJ6aTdB [none]
[debug] [2025-09-02T15:21:12.240Z] <<< [apiv2][status] GET https://cloudfunctions.googleapis.com/v1/operations/cmFwZXgtOTlhMmMvdXMtY2VudHJhbDEvZGFpbHlSYXBleERlbHRhTG9hZGVyL3c5VnN2ekJ6aTdB 200
[debug] [2025-09-02T15:21:12.240Z] <<< [apiv2][body] GET https://cloudfunctions.googleapis.com/v1/operations/cmFwZXgtOTlhMmMvdXMtY2VudHJhbDEvZGFpbHlSYXBleERlbHRhTG9hZGVyL3c5VnN2ekJ6aTdB {"name":"operations/cmFwZXgtOTlhMmMvdXMtY2VudHJhbDEvZGFpbHlSYXBleERlbHRhTG9hZGVyL3c5VnN2ekJ6aTdB","metadata":{"@type":"type.googleapis.com/google.cloud.functions.v1.OperationMetadataV1","target":"projects/rapex-99a2c/locations/us-central1/functions/dailyRapexDeltaLoader","type":"UPDATE_FUNCTION","request":{"@type":"type.googleapis.com/google.cloud.functions.v1.CloudFunction","name":"projects/rapex-99a2c/locations/us-central1/functions/dailyRapexDeltaLoader","eventTrigger":{"eventType":"google.pubsub.topic.publish","resource":"projects/rapex-99a2c/topics/firebase-schedule-dailyRapexDeltaLoader-us-central1","service":"pubsub.googleapis.com","failurePolicy":{}},"status":"ACTIVE","entryPoint":"dailyRapexDeltaLoader","updateTime":"2025-09-02T15:17:32.842Z","versionId":"1","labels":{"deployment-tool":"cli-firebase","deployment-scheduled":"true","firebase-functions-hash":"6b96e20e667582ec6ed942cc9fcce18724971fd9"},"sourceUploadUrl":"https://storage.googleapis.com/uploads-258603904992.us-central1.cloudfunctions.appspot.com/397f1c68-b1d4-4f32-847d-f02240671a22.zip?GoogleAccessId=service-29849753697@gcf-admin-robot.iam.gserviceaccount.com&Expires=1756828253&Signature=nkqOg6BvvX%2FTpAKtc2JKxa39cJkYVaj6sxAsGnAjKW67ouJv9zU%2FsbFPKzYof0%2B6VFw4QUq1Y6H5dPoJoVtWzwWdvlkm2yOvH0PUBwf42qe8l4nNT3fVhuY%2BnLw9bpZ084UZ0dwhqNpoHu70acyLJwz3TiVoHCCldV%2BbCrEb%2FP3YQP6oZg0l3m%2FXVB%2FvUonfMURf4D%2FJWdYKHb6E4t3FBifS3%2FmT1BRJKl3%2B9ens9ZpJJ5NUUMlD9u7kEWV9AcjKv%2B9RacafcV9EgShSvytpaNLcMlS9bfQHoO7Ke456KX6E9H1cDLRF3HmAdfq5P9Ub%2BFNCVQ1UJmU941SDZenAoQ%3D%3D","environmentVariables":{"FIREBASE_CONFIG":"{\"projectId\":\"rapex-99a2c\",\"storageBucket\":\"rapex-99a2c.firebasestorage.app\"}","GCLOUD_PROJECT":"rapex-99a2c","EVENTARC_CLOUD_EVENT_SOURCE":"projects/rapex-99a2c/locations/us-central1/functions/dailyRapexDeltaLoader"},"runtime":"nodejs20","buildId":"83677d12-4b4c-4401-9bdd-c838c4fd7247","buildEnvironmentVariables":{"GOOGLE_NODE_RUN_SCRIPTS":""},"buildName":"projects/29849753697/locations/us-central1/builds/83677d12-4b4c-4401-9bdd-c838c4fd7247","dockerRegistry":"ARTIFACT_REGISTRY","automaticUpdatePolicy":{},"buildServiceAccount":"projects/rapex-99a2c/serviceAccounts/29849753697-compute@developer.gserviceaccount.com"},"versionId":"2","updateTime":"2025-09-02T15:20:55Z","buildId":"d703d9fa-b912-4979-b93e-3c6675975fbe","buildName":"projects/29849753697/locations/us-central1/builds/d703d9fa-b912-4979-b93e-3c6675975fbe"}}
[debug] [2025-09-02T15:21:22.241Z] [update-default-us-central1-dailyRapexDeltaLoader] Retrying task index 0
[debug] [2025-09-02T15:21:22.241Z] Checked if tokens are valid: true, expires at: 1756829101307
[debug] [2025-09-02T15:21:22.241Z] Checked if tokens are valid: true, expires at: 1756829101307
[debug] [2025-09-02T15:21:22.242Z] >>> [apiv2][query] GET https://cloudfunctions.googleapis.com/v1/operations/cmFwZXgtOTlhMmMvdXMtY2VudHJhbDEvZGFpbHlSYXBleERlbHRhTG9hZGVyL3c5VnN2ekJ6aTdB [none]
[debug] [2025-09-02T15:21:22.508Z] <<< [apiv2][status] GET https://cloudfunctions.googleapis.com/v1/operations/cmFwZXgtOTlhMmMvdXMtY2VudHJhbDEvZGFpbHlSYXBleERlbHRhTG9hZGVyL3c5VnN2ekJ6aTdB 200
[debug] [2025-09-02T15:21:22.508Z] <<< [apiv2][body] GET https://cloudfunctions.googleapis.com/v1/operations/cmFwZXgtOTlhMmMvdXMtY2VudHJhbDEvZGFpbHlSYXBleERlbHRhTG9hZGVyL3c5VnN2ekJ6aTdB {"name":"operations/cmFwZXgtOTlhMmMvdXMtY2VudHJhbDEvZGFpbHlSYXBleERlbHRhTG9hZGVyL3c5VnN2ekJ6aTdB","metadata":{"@type":"type.googleapis.com/google.cloud.functions.v1.OperationMetadataV1","target":"projects/rapex-99a2c/locations/us-central1/functions/dailyRapexDeltaLoader","type":"UPDATE_FUNCTION","request":{"@type":"type.googleapis.com/google.cloud.functions.v1.CloudFunction","name":"projects/rapex-99a2c/locations/us-central1/functions/dailyRapexDeltaLoader","eventTrigger":{"eventType":"google.pubsub.topic.publish","resource":"projects/rapex-99a2c/topics/firebase-schedule-dailyRapexDeltaLoader-us-central1","service":"pubsub.googleapis.com","failurePolicy":{}},"status":"ACTIVE","entryPoint":"dailyRapexDeltaLoader","updateTime":"2025-09-02T15:17:32.842Z","versionId":"1","labels":{"deployment-tool":"cli-firebase","deployment-scheduled":"true","firebase-functions-hash":"6b96e20e667582ec6ed942cc9fcce18724971fd9"},"sourceUploadUrl":"https://storage.googleapis.com/uploads-258603904992.us-central1.cloudfunctions.appspot.com/397f1c68-b1d4-4f32-847d-f02240671a22.zip?GoogleAccessId=service-29849753697@gcf-admin-robot.iam.gserviceaccount.com&Expires=1756828253&Signature=nkqOg6BvvX%2FTpAKtc2JKxa39cJkYVaj6sxAsGnAjKW67ouJv9zU%2FsbFPKzYof0%2B6VFw4QUq1Y6H5dPoJoVtWzwWdvlkm2yOvH0PUBwf42qe8l4nNT3fVhuY%2BnLw9bpZ084UZ0dwhqNpoHu70acyLJwz3TiVoHCCldV%2BbCrEb%2FP3YQP6oZg0l3m%2FXVB%2FvUonfMURf4D%2FJWdYKHb6E4t3FBifS3%2FmT1BRJKl3%2B9ens9ZpJJ5NUUMlD9u7kEWV9AcjKv%2B9RacafcV9EgShSvytpaNLcMlS9bfQHoO7Ke456KX6E9H1cDLRF3HmAdfq5P9Ub%2BFNCVQ1UJmU941SDZenAoQ%3D%3D","environmentVariables":{"FIREBASE_CONFIG":"{\"projectId\":\"rapex-99a2c\",\"storageBucket\":\"rapex-99a2c.firebasestorage.app\"}","GCLOUD_PROJECT":"rapex-99a2c","EVENTARC_CLOUD_EVENT_SOURCE":"projects/rapex-99a2c/locations/us-central1/functions/dailyRapexDeltaLoader"},"runtime":"nodejs20","buildId":"83677d12-4b4c-4401-9bdd-c838c4fd7247","buildEnvironmentVariables":{"GOOGLE_NODE_RUN_SCRIPTS":""},"buildName":"projects/29849753697/locations/us-central1/builds/83677d12-4b4c-4401-9bdd-c838c4fd7247","dockerRegistry":"ARTIFACT_REGISTRY","automaticUpdatePolicy":{},"buildServiceAccount":"projects/rapex-99a2c/serviceAccounts/29849753697-compute@developer.gserviceaccount.com"},"versionId":"2","updateTime":"2025-09-02T15:20:55Z","buildId":"d703d9fa-b912-4979-b93e-3c6675975fbe","buildName":"projects/29849753697/locations/us-central1/builds/d703d9fa-b912-4979-b93e-3c6675975fbe"}}
[debug] [2025-09-02T15:21:32.510Z] [update-default-us-central1-dailyRapexDeltaLoader] Retrying task index 0
[debug] [2025-09-02T15:21:32.511Z] Checked if tokens are valid: true, expires at: 1756829101307
[debug] [2025-09-02T15:21:32.511Z] Checked if tokens are valid: true, expires at: 1756829101307
[debug] [2025-09-02T15:21:32.511Z] >>> [apiv2][query] GET https://cloudfunctions.googleapis.com/v1/operations/cmFwZXgtOTlhMmMvdXMtY2VudHJhbDEvZGFpbHlSYXBleERlbHRhTG9hZGVyL3c5VnN2ekJ6aTdB [none]
[debug] [2025-09-02T15:21:32.900Z] <<< [apiv2][status] GET https://cloudfunctions.googleapis.com/v1/operations/cmFwZXgtOTlhMmMvdXMtY2VudHJhbDEvZGFpbHlSYXBleERlbHRhTG9hZGVyL3c5VnN2ekJ6aTdB 200
[debug] [2025-09-02T15:21:32.900Z] <<< [apiv2][body] GET https://cloudfunctions.googleapis.com/v1/operations/cmFwZXgtOTlhMmMvdXMtY2VudHJhbDEvZGFpbHlSYXBleERlbHRhTG9hZGVyL3c5VnN2ekJ6aTdB {"name":"operations/cmFwZXgtOTlhMmMvdXMtY2VudHJhbDEvZGFpbHlSYXBleERlbHRhTG9hZGVyL3c5VnN2ekJ6aTdB","metadata":{"@type":"type.googleapis.com/google.cloud.functions.v1.OperationMetadataV1","target":"projects/rapex-99a2c/locations/us-central1/functions/dailyRapexDeltaLoader","type":"UPDATE_FUNCTION","request":{"@type":"type.googleapis.com/google.cloud.functions.v1.CloudFunction","name":"projects/rapex-99a2c/locations/us-central1/functions/dailyRapexDeltaLoader","eventTrigger":{"eventType":"google.pubsub.topic.publish","resource":"projects/rapex-99a2c/topics/firebase-schedule-dailyRapexDeltaLoader-us-central1","service":"pubsub.googleapis.com","failurePolicy":{}},"status":"ACTIVE","entryPoint":"dailyRapexDeltaLoader","updateTime":"2025-09-02T15:17:32.842Z","versionId":"1","labels":{"deployment-tool":"cli-firebase","deployment-scheduled":"true","firebase-functions-hash":"6b96e20e667582ec6ed942cc9fcce18724971fd9"},"sourceUploadUrl":"https://storage.googleapis.com/uploads-258603904992.us-central1.cloudfunctions.appspot.com/397f1c68-b1d4-4f32-847d-f02240671a22.zip?GoogleAccessId=service-29849753697@gcf-admin-robot.iam.gserviceaccount.com&Expires=1756828253&Signature=nkqOg6BvvX%2FTpAKtc2JKxa39cJkYVaj6sxAsGnAjKW67ouJv9zU%2FsbFPKzYof0%2B6VFw4QUq1Y6H5dPoJoVtWzwWdvlkm2yOvH0PUBwf42qe8l4nNT3fVhuY%2BnLw9bpZ084UZ0dwhqNpoHu70acyLJwz3TiVoHCCldV%2BbCrEb%2FP3YQP6oZg0l3m%2FXVB%2FvUonfMURf4D%2FJWdYKHb6E4t3FBifS3%2FmT1BRJKl3%2B9ens9ZpJJ5NUUMlD9u7kEWV9AcjKv%2B9RacafcV9EgShSvytpaNLcMlS9bfQHoO7Ke456KX6E9H1cDLRF3HmAdfq5P9Ub%2BFNCVQ1UJmU941SDZenAoQ%3D%3D","environmentVariables":{"FIREBASE_CONFIG":"{\"projectId\":\"rapex-99a2c\",\"storageBucket\":\"rapex-99a2c.firebasestorage.app\"}","GCLOUD_PROJECT":"rapex-99a2c","EVENTARC_CLOUD_EVENT_SOURCE":"projects/rapex-99a2c/locations/us-central1/functions/dailyRapexDeltaLoader"},"runtime":"nodejs20","buildId":"83677d12-4b4c-4401-9bdd-c838c4fd7247","buildEnvironmentVariables":{"GOOGLE_NODE_RUN_SCRIPTS":""},"buildName":"projects/29849753697/locations/us-central1/builds/83677d12-4b4c-4401-9bdd-c838c4fd7247","dockerRegistry":"ARTIFACT_REGISTRY","automaticUpdatePolicy":{},"buildServiceAccount":"projects/rapex-99a2c/serviceAccounts/29849753697-compute@developer.gserviceaccount.com"},"versionId":"2","updateTime":"2025-09-02T15:20:55Z","buildId":"d703d9fa-b912-4979-b93e-3c6675975fbe","buildName":"projects/29849753697/locations/us-central1/builds/d703d9fa-b912-4979-b93e-3c6675975fbe"}}
[debug] [2025-09-02T15:21:42.902Z] [update-default-us-central1-dailyRapexDeltaLoader] Retrying task index 0
[debug] [2025-09-02T15:21:42.902Z] Checked if tokens are valid: true, expires at: 1756829101307
[debug] [2025-09-02T15:21:42.902Z] Checked if tokens are valid: true, expires at: 1756829101307
[debug] [2025-09-02T15:21:42.903Z] >>> [apiv2][query] GET https://cloudfunctions.googleapis.com/v1/operations/cmFwZXgtOTlhMmMvdXMtY2VudHJhbDEvZGFpbHlSYXBleERlbHRhTG9hZGVyL3c5VnN2ekJ6aTdB [none]
[debug] [2025-09-02T15:21:43.278Z] <<< [apiv2][status] GET https://cloudfunctions.googleapis.com/v1/operations/cmFwZXgtOTlhMmMvdXMtY2VudHJhbDEvZGFpbHlSYXBleERlbHRhTG9hZGVyL3c5VnN2ekJ6aTdB 200
[debug] [2025-09-02T15:21:43.278Z] <<< [apiv2][body] GET https://cloudfunctions.googleapis.com/v1/operations/cmFwZXgtOTlhMmMvdXMtY2VudHJhbDEvZGFpbHlSYXBleERlbHRhTG9hZGVyL3c5VnN2ekJ6aTdB {"name":"operations/cmFwZXgtOTlhMmMvdXMtY2VudHJhbDEvZGFpbHlSYXBleERlbHRhTG9hZGVyL3c5VnN2ekJ6aTdB","metadata":{"@type":"type.googleapis.com/google.cloud.functions.v1.OperationMetadataV1","target":"projects/rapex-99a2c/locations/us-central1/functions/dailyRapexDeltaLoader","type":"UPDATE_FUNCTION","request":{"@type":"type.googleapis.com/google.cloud.functions.v1.CloudFunction","name":"projects/rapex-99a2c/locations/us-central1/functions/dailyRapexDeltaLoader","eventTrigger":{"eventType":"google.pubsub.topic.publish","resource":"projects/rapex-99a2c/topics/firebase-schedule-dailyRapexDeltaLoader-us-central1","service":"pubsub.googleapis.com","failurePolicy":{}},"status":"ACTIVE","entryPoint":"dailyRapexDeltaLoader","updateTime":"2025-09-02T15:17:32.842Z","versionId":"1","labels":{"deployment-tool":"cli-firebase","deployment-scheduled":"true","firebase-functions-hash":"6b96e20e667582ec6ed942cc9fcce18724971fd9"},"sourceUploadUrl":"https://storage.googleapis.com/uploads-258603904992.us-central1.cloudfunctions.appspot.com/397f1c68-b1d4-4f32-847d-f02240671a22.zip?GoogleAccessId=service-29849753697@gcf-admin-robot.iam.gserviceaccount.com&Expires=1756828253&Signature=nkqOg6BvvX%2FTpAKtc2JKxa39cJkYVaj6sxAsGnAjKW67ouJv9zU%2FsbFPKzYof0%2B6VFw4QUq1Y6H5dPoJoVtWzwWdvlkm2yOvH0PUBwf42qe8l4nNT3fVhuY%2BnLw9bpZ084UZ0dwhqNpoHu70acyLJwz3TiVoHCCldV%2BbCrEb%2FP3YQP6oZg0l3m%2FXVB%2FvUonfMURf4D%2FJWdYKHb6E4t3FBifS3%2FmT1BRJKl3%2B9ens9ZpJJ5NUUMlD9u7kEWV9AcjKv%2B9RacafcV9EgShSvytpaNLcMlS9bfQHoO7Ke456KX6E9H1cDLRF3HmAdfq5P9Ub%2BFNCVQ1UJmU941SDZenAoQ%3D%3D","environmentVariables":{"FIREBASE_CONFIG":"{\"projectId\":\"rapex-99a2c\",\"storageBucket\":\"rapex-99a2c.firebasestorage.app\"}","GCLOUD_PROJECT":"rapex-99a2c","EVENTARC_CLOUD_EVENT_SOURCE":"projects/rapex-99a2c/locations/us-central1/functions/dailyRapexDeltaLoader"},"runtime":"nodejs20","buildId":"83677d12-4b4c-4401-9bdd-c838c4fd7247","buildEnvironmentVariables":{"GOOGLE_NODE_RUN_SCRIPTS":""},"buildName":"projects/29849753697/locations/us-central1/builds/83677d12-4b4c-4401-9bdd-c838c4fd7247","dockerRegistry":"ARTIFACT_REGISTRY","automaticUpdatePolicy":{},"buildServiceAccount":"projects/rapex-99a2c/serviceAccounts/29849753697-compute@developer.gserviceaccount.com"},"versionId":"2","updateTime":"2025-09-02T15:20:55Z","buildId":"d703d9fa-b912-4979-b93e-3c6675975fbe","sourceToken":"6d11d756-b9b8-4e93-81bf-bbf2909768d6","buildName":"projects/29849753697/locations/us-central1/builds/d703d9fa-b912-4979-b93e-3c6675975fbe"}}
[debug] [2025-09-02T15:21:43.278Z] Got source token 6d11d756-b9b8-4e93-81bf-bbf2909768d6 for region us-central1
